Using pre-set license
Built from '2021.1/release' branch; Version is '2021.1.4f1 (4cd64a618c1b) revision 5035594'; Using compiler version '192528614'; Build Type 'Release'
OS: 'Windows 10 Pro; OS build 19043.1288; Version 2009; 64bit' Language: 'en' Physical Memory: 8158 MB
BatchMode: 1, IsHumanControllingUs: 0, StartBugReporterOnCrash: 0, Is64bit: 1, IsPro: 0

 COMMAND LINE ARGUMENTS:
C:\Program Files\2021.1.4f1\Editor\Unity.exe
-adb2
-batchMode
-noUpm
-name
AssetImportWorker0
-projectPath
X:/Projects/Upwork/1- Laser room game/Laser Prototype
-logFile
Logs/AssetImportWorker0.log
-srvPort
52676
Successfully changed project path to: X:/Projects/Upwork/1- Laser room game/Laser Prototype
X:/Projects/Upwork/1- Laser room game/Laser Prototype
Using Asset Import Pipeline V2.
Refreshing native plugins compatible for Editor in 186.87 ms, found 1 plugins.
Preloading 0 native plugins for Editor in 0.00 ms.
Initialize engine version: 2021.1.4f1 (4cd64a618c1b)
[Subsystems] Discovering subsystems at path C:/Program Files/2021.1.4f1/Editor/Data/Resources/UnitySubsystems
[Subsystems] Discovering subsystems at path X:/Projects/Upwork/1- Laser room game/Laser Prototype/Assets
GfxDevice: creating device client; threaded=0; jobified=0
Direct3D:
    Version:  Direct3D 11.0 [level 11.1]
    Renderer: NVIDIA GeForce GTX 960 (ID=0x1401)
    Vendor:   NVIDIA
    VRAM:     2007 MB
    Driver:   27.21.14.6611
Initialize mono
Mono path[0] = 'C:/Program Files/2021.1.4f1/Editor/Data/Managed'
Mono path[1] = 'C:/Program Files/2021.1.4f1/Editor/Data/MonoBleedingEdge/lib/mono/unityjit'
Mono config path = 'C:/Program Files/2021.1.4f1/Editor/Data/MonoBleedingEdge/etc'
Using monoOptions --debugger-agent=transport=dt_socket,embedding=1,server=y,suspend=n,address=127.0.0.1:56724
Begin MonoManager ReloadAssembly
Registering precompiled unity dll's ...
Register platform support module: C:/Program Files/2021.1.4f1/Editor/Data/PlaybackEngines/WebGLSupport/UnityEditor.WebGL.Extensions.dll
Register platform support module: C:/Program Files/2021.1.4f1/Editor/Data/PlaybackEngines/WindowsStandaloneSupport/UnityEditor.WindowsStandalone.Extensions.dll
Registered in 0.005054 seconds.
Native extension for WindowsStandalone target not found
Native extension for WebGL target not found
Refreshing native plugins compatible for Editor in 184.55 ms, found 1 plugins.
Preloading 0 native plugins for Editor in 0.00 ms.
Mono: successfully reloaded assembly
- Completed reload, in  2.547 seconds
Platform modules already initialized, skipping
Registering precompiled user dll's ...
Registered in 0.004913 seconds.
Begin MonoManager ReloadAssembly
Native extension for WindowsStandalone target not found
Native extension for WebGL target not found
Refreshing native plugins compatible for Editor in 188.77 ms, found 1 plugins.
Preloading 0 native plugins for Editor in 0.00 ms.
Mono: successfully reloaded assembly
- Completed reload, in  2.226 seconds
Platform modules already initialized, skipping
========================================================================
Worker process is ready to serve import requests
Shader 'Universal Render Pipeline/Particles/Lit': fallback shader 'Universal Render Pipeline/Particles/SimpleLit' not found
Shader 'Universal Render Pipeline/Particles/Lit': fallback shader 'Universal Render Pipeline/Particles/SimpleLit' not found
Launched and connected shader compiler UnityShaderCompiler.exe after 0.16 seconds
Refreshing native plugins compatible for Editor in 1.35 ms, found 1 plugins.
Preloading 0 native plugins for Editor in 0.00 ms.
Unloading 4456 Unused Serialized files (Serialized files now loaded: 0)
System memory in use before: 176.3 MB.
System memory in use after: 173.7 MB.

Unloading 48 unused Assets to reduce memory usage. Loaded Objects now: 4885.
Total: 6.462100 ms (FindLiveObjects: 0.663100 ms CreateObjectMapping: 0.219300 ms MarkObjects: 3.545600 ms  DeleteObjects: 2.030000 ms)

========================================================================
Received Import Request.
  path: Assets/Project/Prefabs
  artifactKey: Guid(d2ce757f7a18d384f9bbb6f53786628a) Importer(815301076,1909f56bfc062723c751e8b465ee728b)
Start importing Assets/Project/Prefabs using Guid(d2ce757f7a18d384f9bbb6f53786628a) Importer(815301076,1909f56bfc062723c751e8b465ee728b)  -> (artifact id: '10575de1b83f5a47d9bd8c3f387b31a8') in 0.022004 seconds 
========================================================================
Received Import Request.
  Time since last request: 2.897436 seconds.
  path: Assets/Project/Light settings.lighting
  artifactKey: Guid(a88e3db5cb47d2b419b3395e5009e7f0) Importer(815301076,1909f56bfc062723c751e8b465ee728b)
Start importing Assets/Project/Light settings.lighting using Guid(a88e3db5cb47d2b419b3395e5009e7f0) Importer(815301076,1909f56bfc062723c751e8b465ee728b)  -> (artifact id: '7441140d3711be6fe23682455ab1939a') in 0.048481 seconds 
========================================================================
Received Import Request.
  Time since last request: 11.530599 seconds.
  path: Assets/Project/Scripts/CameraSwitch.cs
  artifactKey: Guid(78bc3ee3333439f4f893363eead67923) Importer(815301076,1909f56bfc062723c751e8b465ee728b)
Start importing Assets/Project/Scripts/CameraSwitch.cs using Guid(78bc3ee3333439f4f893363eead67923) Importer(815301076,1909f56bfc062723c751e8b465ee728b)  -> (artifact id: 'eaaa45023c5bd0e28627a9549f15bf86') in 0.405358 seconds 
========================================================================
Received Prepare
Registering precompiled user dll's ...
Registered in 0.176501 seconds.
Begin MonoManager ReloadAssembly
Native extension for WindowsStandalone target not found
Native extension for WebGL target not found
Refreshing native plugins compatible for Editor in 1.37 ms, found 1 plugins.
Preloading 0 native plugins for Editor in 0.00 ms.
Mono: successfully reloaded assembly
- Completed reload, in  1.992 seconds
Platform modules already initialized, skipping
Shader 'Universal Render Pipeline/Particles/Lit': fallback shader 'Universal Render Pipeline/Particles/SimpleLit' not found
Shader 'Universal Render Pipeline/Particles/Lit': fallback shader 'Universal Render Pipeline/Particles/SimpleLit' not found
Refreshing native plugins compatible for Editor in 1.41 ms, found 1 plugins.
Preloading 0 native plugins for Editor in 0.00 ms.
Unloading 4373 Unused Serialized files (Serialized files now loaded: 0)
System memory in use before: 172.1 MB.
System memory in use after: 169.5 MB.

Unloading 42 unused Assets to reduce memory usage. Loaded Objects now: 4887.
Total: 7.051300 ms (FindLiveObjects: 0.762500 ms CreateObjectMapping: 0.755000 ms MarkObjects: 3.472000 ms  DeleteObjects: 2.060100 ms)

========================================================================
Received Import Request.
  Time since last request: 101.306967 seconds.
  path: Assets/StarterAssets/TutorialInfo
  artifactKey: Guid(45eb5850dfaea0a4f962fbbf3e54daf9) Importer(815301076,1909f56bfc062723c751e8b465ee728b)
Start importing Assets/StarterAssets/TutorialInfo using Guid(45eb5850dfaea0a4f962fbbf3e54daf9) Importer(815301076,1909f56bfc062723c751e8b465ee728b)  -> (artifact id: '7baa2f97fa8d6ebb7b121ba7bc05c944') in 0.018853 seconds 
========================================================================
Received Import Request.
  Time since last request: 0.812116 seconds.
  path: Assets/StarterAssets/TutorialInfo/Scripts
  artifactKey: Guid(678725003e9fcca47b890bd03ec3aec7) Importer(815301076,1909f56bfc062723c751e8b465ee728b)
Start importing Assets/StarterAssets/TutorialInfo/Scripts using Guid(678725003e9fcca47b890bd03ec3aec7) Importer(815301076,1909f56bfc062723c751e8b465ee728b)  -> (artifact id: '6b8fd507a96a02c64c94c539d30aabd8') in 0.011868 seconds 
========================================================================
Received Import Request.
  Time since last request: 1.657040 seconds.
  path: Assets/StarterAssets/TutorialInfo/Icons
  artifactKey: Guid(c46f592600956254ebd5b9caa48c323c) Importer(815301076,1909f56bfc062723c751e8b465ee728b)
Start importing Assets/StarterAssets/TutorialInfo/Icons using Guid(c46f592600956254ebd5b9caa48c323c) Importer(815301076,1909f56bfc062723c751e8b465ee728b)  -> (artifact id: '502518d88ae57cd254e267737f347c91') in 0.011653 seconds 
========================================================================
Received Import Request.
  Time since last request: 0.000660 seconds.
  path: Assets/StarterAssets/TutorialInfo/Icons/ReadMeImg.PNG
  artifactKey: Guid(44a17a5b205fcd349a24700e6f5615bd) Importer(815301076,1909f56bfc062723c751e8b465ee728b)
Start importing Assets/StarterAssets/TutorialInfo/Icons/ReadMeImg.PNG using Guid(44a17a5b205fcd349a24700e6f5615bd) Importer(815301076,1909f56bfc062723c751e8b465ee728b)  -> (artifact id: '827ba444f2e1cf8ad60597d62d74fac0') in 0.268460 seconds 
========================================================================
Received Import Request.
  Time since last request: 12.818090 seconds.
  path: Assets/StarterAssets/InputSystem
  artifactKey: Guid(48c9acd554a28814b922162e3fa889b0) Importer(815301076,1909f56bfc062723c751e8b465ee728b)
Start importing Assets/StarterAssets/InputSystem using Guid(48c9acd554a28814b922162e3fa889b0) Importer(815301076,1909f56bfc062723c751e8b465ee728b)  -> (artifact id: '160909f96088c2a697cc42713879b94f') in 0.011900 seconds 
========================================================================
Received Import Request.
  Time since last request: 0.027232 seconds.
  path: Assets/StarterAssets/InputSystem/StarterAssets.inputactions
  artifactKey: Guid(4419d82f33d36e848b3ed5af4c8da37e) Importer(815301076,1909f56bfc062723c751e8b465ee728b)
Start importing Assets/StarterAssets/InputSystem/StarterAssets.inputactions using Guid(4419d82f33d36e848b3ed5af4c8da37e) Importer(815301076,1909f56bfc062723c751e8b465ee728b)  -> (artifact id: '9d6b63141a889b18497c8f6e6db53b11') in 0.024370 seconds 
========================================================================
Received Import Request.
  Time since last request: 0.000517 seconds.
  path: Assets/StarterAssets/InputSystem/StarterAssets.inputsettings.asset
  artifactKey: Guid(9e7be553448fa2546aea5752021cbcf7) Importer(815301076,1909f56bfc062723c751e8b465ee728b)
Start importing Assets/StarterAssets/InputSystem/StarterAssets.inputsettings.asset using Guid(9e7be553448fa2546aea5752021cbcf7) Importer(815301076,1909f56bfc062723c751e8b465ee728b)  -> (artifact id: '6d47cae3524ac64db45ce0ccddc1d36c') in 0.016472 seconds 
========================================================================
Received Import Request.
  Time since last request: 3.263084 seconds.
  path: Assets/StarterAssets/Editor
  artifactKey: Guid(577651ee23b1b8342a827136803910fb) Importer(815301076,1909f56bfc062723c751e8b465ee728b)
Start importing Assets/StarterAssets/Editor using Guid(577651ee23b1b8342a827136803910fb) Importer(815301076,1909f56bfc062723c751e8b465ee728b)  -> (artifact id: 'd3b58f43baecafe1969dcbb468fcdcf2') in 0.011152 seconds 
========================================================================
Received Import Request.
  Time since last request: 1.218701 seconds.
  path: Assets/StarterAssets/Editor/PackageChecker
  artifactKey: Guid(14bd68b8c6966124487020c02c9b7f9d) Importer(815301076,1909f56bfc062723c751e8b465ee728b)
Start importing Assets/StarterAssets/Editor/PackageChecker using Guid(14bd68b8c6966124487020c02c9b7f9d) Importer(815301076,1909f56bfc062723c751e8b465ee728b)  -> (artifact id: 'f8cced1f9039603ef5075e1d834a5ac2') in 0.011558 seconds 
========================================================================
Received Prepare
Registering precompiled user dll's ...
Registered in 0.005201 seconds.
Begin MonoManager ReloadAssembly
Native extension for WindowsStandalone target not found
Native extension for WebGL target not found
Refreshing native plugins compatible for Editor in 1.46 ms, found 1 plugins.
Preloading 0 native plugins for Editor in 0.00 ms.
Mono: successfully reloaded assembly
- Completed reload, in  2.090 seconds
Platform modules already initialized, skipping
Shader 'Universal Render Pipeline/Particles/Lit': fallback shader 'Universal Render Pipeline/Particles/SimpleLit' not found
Shader 'Universal Render Pipeline/Particles/Lit': fallback shader 'Universal Render Pipeline/Particles/SimpleLit' not found
Refreshing native plugins compatible for Editor in 1.36 ms, found 1 plugins.
Preloading 0 native plugins for Editor in 0.00 ms.
Unloading 4372 Unused Serialized files (Serialized files now loaded: 0)
System memory in use before: 172.7 MB.
System memory in use after: 170.2 MB.

Unloading 43 unused Assets to reduce memory usage. Loaded Objects now: 4905.
Total: 8.163600 ms (FindLiveObjects: 0.661300 ms CreateObjectMapping: 0.240300 ms MarkObjects: 5.217400 ms  DeleteObjects: 2.042300 ms)

========================================================================
Received Prepare
Registering precompiled user dll's ...
Registered in 0.005337 seconds.
Begin MonoManager ReloadAssembly
Native extension for WindowsStandalone target not found
Native extension for WebGL target not found
Refreshing native plugins compatible for Editor in 1.27 ms, found 1 plugins.
Preloading 0 native plugins for Editor in 0.00 ms.
Mono: successfully reloaded assembly
- Completed reload, in  1.868 seconds
Platform modules already initialized, skipping
Shader 'Universal Render Pipeline/Particles/Lit': fallback shader 'Universal Render Pipeline/Particles/SimpleLit' not found
Shader 'Universal Render Pipeline/Particles/Lit': fallback shader 'Universal Render Pipeline/Particles/SimpleLit' not found
Refreshing native plugins compatible for Editor in 1.31 ms, found 1 plugins.
Preloading 0 native plugins for Editor in 0.00 ms.
Unloading 4371 Unused Serialized files (Serialized files now loaded: 0)
System memory in use before: 172.7 MB.
System memory in use after: 170.2 MB.

Unloading 41 unused Assets to reduce memory usage. Loaded Objects now: 4908.
Total: 10.888200 ms (FindLiveObjects: 1.060400 ms CreateObjectMapping: 0.420300 ms MarkObjects: 5.917400 ms  DeleteObjects: 3.486300 ms)

AssetImportWorkerClient::OnTransportError - code=2 error=End of file
